<?xml version="1.0" encoding="UTF-8"?>
<testsuite name="BishopTest" tests="1" skipped="0" failures="0" errors="0" timestamp="2020-05-12T17:01:29" hostname="PS" time="0.274">
  <properties/>
  <testcase name="testMovesEmptyBoard" classname="BishopTest" time="0.274"/>
  <system-out><![CDATA[]]></system-out>
  <system-err><![CDATA[]]></system-err>
</testsuite>
